android/app/build/intermediates/manifest_merge_blame_file/debug/manifest-merger-blame-debug-report.txt
1<?xml version="1.0" encoding="utf-8"?>
2<manifest xmlns:android="http://schemas.android.com/apk/res/android"
3    package="com.fortydayschallenge1"
4    android:versionCode="7"
5    android:versionName="5.2" >
6
7    <uses-sdk
8        android:minSdkVersion="21"
9        android:targetSdkVersion="33" />
10
11    <uses-permission android:name="android.permission.SYSTEM_ALERT_WINDOW" />
11-->src\main\AndroidManifest.xml:5:5-77
11-->src\main\AndroidManifest.xml:5:22-75
12    <uses-permission android:name="android.permission.INTERNET" />
12-->src\main\AndroidManifest.xml:4:5-67
12-->src\main\AndroidManifest.xml:4:22-64
13    <uses-permission android:name="android.permission.READ_EXTERNAL_STORAGE" />
13-->src\main\AndroidManifest.xml:6:5-80
13-->src\main\AndroidManifest.xml:6:22-77
14    <uses-permission android:name="android.permission.WRITE_EXTERNAL_STORAGE" />
14-->src\main\AndroidManifest.xml:7:5-81
14-->src\main\AndroidManifest.xml:7:22-78
15    <uses-permission android:name="android.permission.DOWNLOAD_WITHOUT_NOTIFICATION" />
15-->src\main\AndroidManifest.xml:8:5-88
15-->src\main\AndroidManifest.xml:8:22-85
16    <uses-permission android:name="android.permission.ACCESS_NETWORK_STATE" />
16-->src\main\AndroidManifest.xml:9:5-79
16-->src\main\AndroidManifest.xml:9:22-76
17    <uses-permission android:name="android.permission.ACCESS_FINE_LOCATION" />
17-->src\main\AndroidManifest.xml:10:5-79
17-->src\main\AndroidManifest.xml:10:22-76
18    <uses-permission android:name="android.permission.CAMERA" /> <!-- ye add kya 1.10.2024 -->
18-->src\main\AndroidManifest.xml:11:5-64
18-->src\main\AndroidManifest.xml:11:22-62
19    <uses-permission android:name="android.permission.GET_ACCOUNTS" />
19-->src\main\AndroidManifest.xml:14:1-67
19-->src\main\AndroidManifest.xml:14:18-64
20    <uses-permission android:name="android.permission.USE_CREDENTIALS" />
20-->src\main\AndroidManifest.xml:15:1-70
20-->src\main\AndroidManifest.xml:15:18-67
21    <uses-permission android:name="android.permission.FOREGROUND_SERVICE" />
21-->src\main\AndroidManifest.xml:18:5-77
21-->src\main\AndroidManifest.xml:18:22-74
22    <uses-permission android:name="android.permission.WAKE_LOCK" />
22-->src\main\AndroidManifest.xml:19:5-68
22-->src\main\AndroidManifest.xml:19:22-65
23    <uses-permission android:name="android.permission.ACCESS_WIFI_STATE" />
23-->src\main\AndroidManifest.xml:21:1-72
23-->src\main\AndroidManifest.xml:21:18-69
24    <uses-permission android:name="android.permission.CHANGE_NETWORK_STATE" />
24-->src\main\AndroidManifest.xml:22:1-75
24-->src\main\AndroidManifest.xml:22:18-72
25    <uses-permission android:name="android.permission.CHANGE_WIFI_STATE" />
25-->src\main\AndroidManifest.xml:23:1-72
25-->src\main\AndroidManifest.xml:23:18-69
26    <uses-permission android:name="android.permission.BIND_VPN_SERVICE" />
26-->src\main\AndroidManifest.xml:25:1-71
26-->src\main\AndroidManifest.xml:25:18-68
27    <uses-permission android:name="android.permission.SCHEDULE_EXACT_ALARM" />
27-->src\main\AndroidManifest.xml:29:1-75
27-->src\main\AndroidManifest.xml:29:18-72
28    <uses-permission android:name="android.permission.VIBRATE" />
28-->src\main\AndroidManifest.xml:30:5-66
28-->src\main\AndroidManifest.xml:30:22-63
29    <uses-permission android:name="android.permission.RECEIVE_BOOT_COMPLETED" />
29-->src\main\AndroidManifest.xml:31:5-80
29-->src\main\AndroidManifest.xml:31:22-78
30
31    <uses-feature
31-->src\main\AndroidManifest.xml:33:5-85
32        android:name="android.hardware.camera"
32-->src\main\AndroidManifest.xml:33:19-57
33        android:required="false" />
33-->src\main\AndroidManifest.xml:33:58-82
34    <uses-feature
34-->src\main\AndroidManifest.xml:34:5-91
35        android:name="android.hardware.camera.front"
35-->src\main\AndroidManifest.xml:34:19-63
36        android:required="false" />
36-->src\main\AndroidManifest.xml:34:64-88
37
38    <queries>
38-->[:react-native-image-crop-picker] AndroidManifest.xml:9:5-13:15
39        <intent>
39-->[:react-native-image-crop-picker] AndroidManifest.xml:10:9-12:18
40            <action android:name="android.media.action.IMAGE_CAPTURE" />
40-->[:react-native-image-crop-picker] AndroidManifest.xml:11:13-73
40-->[:react-native-image-crop-picker] AndroidManifest.xml:11:21-70
41        </intent>
42        <!-- For browser content -->
43        <intent>
43-->[com.google.android.gms:play-services-ads-lite:22.1.0] AndroidManifest.xml:35:9-41:18
44            <action android:name="android.intent.action.VIEW" />
44-->src\main\AndroidManifest.xml:87:13-65
44-->src\main\AndroidManifest.xml:87:21-62
45
46            <category android:name="android.intent.category.BROWSABLE" />
46-->src\main\AndroidManifest.xml:89:13-74
46-->src\main\AndroidManifest.xml:89:23-71
47
48            <data android:scheme="https" />
48-->src\main\AndroidManifest.xml:93:13-44
48-->src\main\AndroidManifest.xml:93:19-41
49        </intent> <!-- End of browser content -->
50        <!-- For CustomTabsService -->
51        <intent>
51-->[com.google.android.gms:play-services-ads-lite:22.1.0] AndroidManifest.xml:44:9-46:18
52            <action android:name="android.support.customtabs.action.CustomTabsService" />
52-->[com.google.android.gms:play-services-ads-lite:22.1.0] AndroidManifest.xml:45:13-90
52-->[com.google.android.gms:play-services-ads-lite:22.1.0] AndroidManifest.xml:45:21-87
53        </intent> <!-- Needs to be explicitly declared on Android R+ -->
54        <package android:name="com.google.android.apps.maps" />
54-->[com.google.android.gms:play-services-maps:18.0.2] AndroidManifest.xml:33:9-64
54-->[com.google.android.gms:play-services-maps:18.0.2] AndroidManifest.xml:33:18-61
55    </queries> <!-- Required to access Google Play Licensing -->
56    <uses-permission android:name="com.android.vending.CHECK_LICENSE" /> <!-- Required by older versions of Google Play services to create IID tokens -->
56-->[:rn-fetch-blob] AndroidManifest.xml:10:5-73
56-->[:rn-fetch-blob] AndroidManifest.xml:10:22-70
57    <uses-permission android:name="com.google.android.c2dm.permission.RECEIVE" />
57-->[com.google.android.gms:play-services-iid:17.0.0] AndroidManifest.xml:23:5-82
57-->[com.google.android.gms:play-services-iid:17.0.0] AndroidManifest.xml:23:22-79
58    <uses-permission android:name="android.permission.POST_NOTIFICATIONS" />
58-->[com.google.firebase:firebase-messaging:23.1.2] AndroidManifest.xml:25:5-77
58-->[com.google.firebase:firebase-messaging:23.1.2] AndroidManifest.xml:25:22-74
59    <uses-permission android:name="com.google.android.gms.permission.AD_ID" />
59-->[com.google.android.gms:play-services-ads-lite:22.1.0] AndroidManifest.xml:26:5-79
59-->[com.google.android.gms:play-services-ads-lite:22.1.0] AndroidManifest.xml:26:22-76
60
61    <uses-feature
61-->[com.google.android.gms:play-services-maps:18.0.2] AndroidManifest.xml:26:5-28:35
62        android:glEsVersion="0x00020000"
62-->[com.google.android.gms:play-services-maps:18.0.2] AndroidManifest.xml:27:9-41
63        android:required="true" />
63-->[com.google.android.gms:play-services-maps:18.0.2] AndroidManifest.xml:28:9-32
64
65    <uses-permission android:name="com.google.android.finsky.permission.BIND_GET_INSTALL_REFERRER_SERVICE" /> <!-- for android -->
65-->[com.android.installreferrer:installreferrer:1.1.2] AndroidManifest.xml:9:5-110
65-->[com.android.installreferrer:installreferrer:1.1.2] AndroidManifest.xml:9:22-107
66    <!-- <uses-permission android:name="com.android.launcher.permission.READ_SETTINGS"/> -->
67    <!-- <uses-permission android:name="com.android.launcher.permission.WRITE_SETTINGS"/> -->
68    <!-- <uses-permission android:name="com.android.launcher.permission.INSTALL_SHORTCUT" /> -->
69    <!-- <uses-permission android:name="com.android.launcher.permission.UNINSTALL_SHORTCUT" /> -->
70    <!-- for Samsung -->
71    <uses-permission android:name="com.sec.android.provider.badge.permission.READ" />
71-->[me.leolin:ShortcutBadger:1.1.22] AndroidManifest.xml:19:5-86
71-->[me.leolin:ShortcutBadger:1.1.22] AndroidManifest.xml:19:22-83
72    <uses-permission android:name="com.sec.android.provider.badge.permission.WRITE" /> <!-- for htc -->
72-->[me.leolin:ShortcutBadger:1.1.22] AndroidManifest.xml:20:5-87
72-->[me.leolin:ShortcutBadger:1.1.22] AndroidManifest.xml:20:22-84
73    <uses-permission android:name="com.htc.launcher.permission.READ_SETTINGS" />
73-->[me.leolin:ShortcutBadger:1.1.22] AndroidManifest.xml:23:5-81
73-->[me.leolin:ShortcutBadger:1.1.22] AndroidManifest.xml:23:22-78
74    <uses-permission android:name="com.htc.launcher.permission.UPDATE_SHORTCUT" /> <!-- for sony -->
74-->[me.leolin:ShortcutBadger:1.1.22] AndroidManifest.xml:24:5-83
74-->[me.leolin:ShortcutBadger:1.1.22] AndroidManifest.xml:24:22-80
75    <uses-permission android:name="com.sonyericsson.home.permission.BROADCAST_BADGE" />
75-->[me.leolin:ShortcutBadger:1.1.22] AndroidManifest.xml:27:5-88
75-->[me.leolin:ShortcutBadger:1.1.22] AndroidManifest.xml:27:22-85
76    <uses-permission android:name="com.sonymobile.home.permission.PROVIDER_INSERT_BADGE" /> <!-- for apex -->
76-->[me.leolin:ShortcutBadger:1.1.22] AndroidManifest.xml:28:5-92
76-->[me.leolin:ShortcutBadger:1.1.22] AndroidManifest.xml:28:22-89
77    <uses-permission android:name="com.anddoes.launcher.permission.UPDATE_COUNT" /> <!-- for solid -->
77-->[me.leolin:ShortcutBadger:1.1.22] AndroidManifest.xml:31:5-84
77-->[me.leolin:ShortcutBadger:1.1.22] AndroidManifest.xml:31:22-81
78    <uses-permission android:name="com.majeur.launcher.permission.UPDATE_BADGE" /> <!-- for huawei -->
78-->[me.leolin:ShortcutBadger:1.1.22] AndroidManifest.xml:34:5-83
78-->[me.leolin:ShortcutBadger:1.1.22] AndroidManifest.xml:34:22-80
79    <uses-permission android:name="com.huawei.android.launcher.permission.CHANGE_BADGE" />
79-->[me.leolin:ShortcutBadger:1.1.22] AndroidManifest.xml:37:5-91
79-->[me.leolin:ShortcutBadger:1.1.22] AndroidManifest.xml:37:22-88
80    <uses-permission android:name="com.huawei.android.launcher.permission.READ_SETTINGS" />
80-->[me.leolin:ShortcutBadger:1.1.22] AndroidManifest.xml:38:5-92
80-->[me.leolin:ShortcutBadger:1.1.22] AndroidManifest.xml:38:22-89
81    <uses-permission android:name="com.huawei.android.launcher.permission.WRITE_SETTINGS" /> <!-- for ZUK -->
81-->[me.leolin:ShortcutBadger:1.1.22] AndroidManifest.xml:39:5-93
81-->[me.leolin:ShortcutBadger:1.1.22] AndroidManifest.xml:39:22-90
82    <uses-permission android:name="android.permission.READ_APP_BADGE" /> <!-- for OPPO -->
82-->[me.leolin:ShortcutBadger:1.1.22] AndroidManifest.xml:42:5-73
82-->[me.leolin:ShortcutBadger:1.1.22] AndroidManifest.xml:42:22-70
83    <uses-permission android:name="com.oppo.launcher.permission.READ_SETTINGS" />
83-->[me.leolin:ShortcutBadger:1.1.22] AndroidManifest.xml:45:5-82
83-->[me.leolin:ShortcutBadger:1.1.22] AndroidManifest.xml:45:22-79
84    <uses-permission android:name="com.oppo.launcher.permission.WRITE_SETTINGS" /> <!-- for EvMe -->
84-->[me.leolin:ShortcutBadger:1.1.22] AndroidManifest.xml:46:5-83
84-->[me.leolin:ShortcutBadger:1.1.22] AndroidManifest.xml:46:22-80
85    <uses-permission android:name="me.everything.badger.permission.BADGE_COUNT_READ" />
85-->[me.leolin:ShortcutBadger:1.1.22] AndroidManifest.xml:49:5-88
85-->[me.leolin:ShortcutBadger:1.1.22] AndroidManifest.xml:49:22-85
86    <uses-permission android:name="me.everything.badger.permission.BADGE_COUNT_WRITE" />
86-->[me.leolin:ShortcutBadger:1.1.22] AndroidManifest.xml:50:5-89
86-->[me.leolin:ShortcutBadger:1.1.22] AndroidManifest.xml:50:22-86
87
88    <application
88-->src\main\AndroidManifest.xml:36:5-127:19
89        android:name="com.fortydayschallenge1.MainApplication"
89-->src\main\AndroidManifest.xml:37:7-38
90        android:allowBackup="false"
90-->src\main\AndroidManifest.xml:41:7-34
91        android:appComponentFactory="androidx.core.app.CoreComponentFactory"
91-->[androidx.core:core:1.8.0] AndroidManifest.xml:24:18-86
92        android:debuggable="true"
93        android:icon="@mipmap/ic_launcher"
93-->src\main\AndroidManifest.xml:39:7-41
94        android:label="@string/app_name"
94-->src\main\AndroidManifest.xml:38:7-39
95        android:roundIcon="@mipmap/ic_launcher_round"
95-->src\main\AndroidManifest.xml:40:7-52
96        android:theme="@style/AppTheme"
96-->src\main\AndroidManifest.xml:42:7-38
97        android:usesCleartextTraffic="true" >
97-->src\debug\AndroidManifest.xml:8:9-44
98        <activity
98-->src\debug\AndroidManifest.xml:11:9-111
99            android:name="com.facebook.react.devsupport.DevSettingsActivity"
99-->src\debug\AndroidManifest.xml:11:19-83
100            android:exported="false" />
100-->src\debug\AndroidManifest.xml:11:84-108
101        <!-- _____________________________________________PUSH NOTIFICATION____________________________________ -->
102        <!-- Change the value to true to enable pop-up for in foreground on receiving remote notifications (for prevent duplicating while showing local notifications set this to false) -->
103        <meta-data
103-->src\main\AndroidManifest.xml:46:1-47:43
104            android:name="com.dieam.reactnativepushnotification.notification_foreground"
104-->src\main\AndroidManifest.xml:46:13-89
105            android:value="true" /> <!-- Change the resource name to your App's accent color - or any other color you want -->
105-->src\main\AndroidManifest.xml:47:21-41
106        <meta-data
106-->src\main\AndroidManifest.xml:49:9-50:54
107            android:name="com.dieam.reactnativepushnotification.notification_color"
107-->src\main\AndroidManifest.xml:49:21-92
108            android:resource="@color/white" /> <!-- or @android:color/{name} to use a standard color -->
108-->src\main\AndroidManifest.xml:50:21-52
109        <receiver android:name="com.dieam.reactnativepushnotification.modules.RNPushNotificationActions" />
109-->src\main\AndroidManifest.xml:52:9-108
109-->src\main\AndroidManifest.xml:52:19-105
110        <receiver android:name="com.dieam.reactnativepushnotification.modules.RNPushNotificationPublisher" />
110-->src\main\AndroidManifest.xml:53:9-110
110-->src\main\AndroidManifest.xml:53:19-107
111        <receiver android:name="com.dieam.reactnativepushnotification.modules.RNPushNotificationBootEventReceiver" >
111-->src\main\AndroidManifest.xml:54:9-55:20
111-->src\main\AndroidManifest.xml:54:19-115
112        </receiver>
113
114        <service
114-->src\main\AndroidManifest.xml:57:9-63:19
115            android:name="com.dieam.reactnativepushnotification.modules.RNPushNotificationListenerService"
115-->src\main\AndroidManifest.xml:58:13-107
116            android:exported="false" >
116-->src\main\AndroidManifest.xml:59:13-37
117            <intent-filter>
117-->src\main\AndroidManifest.xml:60:13-62:29
118                <action android:name="com.google.firebase.MESSAGING_EVENT" />
118-->src\main\AndroidManifest.xml:61:17-78
118-->src\main\AndroidManifest.xml:61:25-75
119            </intent-filter>
120        </service> <!-- _____________________________________________PUSH NOTIFICATION____________________________________ -->
121        <activity
121-->src\main\AndroidManifest.xml:67:7-110:18
122            android:name="com.fortydayschallenge1.MainActivity"
122-->src\main\AndroidManifest.xml:68:9-37
123            android:configChanges="keyboard|keyboardHidden|orientation|screenLayout|screenSize|smallestScreenSize|uiMode"
123-->src\main\AndroidManifest.xml:70:9-118
124            android:exported="true"
124-->src\main\AndroidManifest.xml:73:9-32
125            android:label="@string/app_name"
125-->src\main\AndroidManifest.xml:69:9-41
126            android:launchMode="singleTask"
126-->src\main\AndroidManifest.xml:71:9-40
127            android:windowSoftInputMode="adjustResize" >
127-->src\main\AndroidManifest.xml:72:9-51
128            <intent-filter android:autoVerify="true" >
128-->src\main\AndroidManifest.xml:74:9-83:25
128-->src\main\AndroidManifest.xml:74:24-49
129                <action android:name="android.intent.action.MAIN" />
129-->src\main\AndroidManifest.xml:75:13-65
129-->src\main\AndroidManifest.xml:75:21-62
130
131                <category android:name="android.intent.category.LAUNCHER" />
131-->src\main\AndroidManifest.xml:76:13-73
131-->src\main\AndroidManifest.xml:76:23-70
132
133                <action android:name="android.intent.action.DOWNLOAD_COMPLETE" />
133-->src\main\AndroidManifest.xml:77:13-77
133-->src\main\AndroidManifest.xml:77:21-75
134
135                <!-- PUSH NOtification -->
136                <action android:name="android.intent.action.BOOT_COMPLETED" />
136-->src\main\AndroidManifest.xml:80:13-75
136-->src\main\AndroidManifest.xml:80:21-72
137                <action android:name="android.intent.action.QUICKBOOT_POWERON" />
137-->src\main\AndroidManifest.xml:81:17-82
137-->src\main\AndroidManifest.xml:81:25-79
138                <action android:name="com.htc.intent.action.QUICKBOOT_POWERON" />
138-->src\main\AndroidManifest.xml:82:17-81
138-->src\main\AndroidManifest.xml:82:25-79
139            </intent-filter>
140
141            <!-- deep linking -->
142            <intent-filter
142-->src\main\AndroidManifest.xml:86:9-96:24
143                android:autoVerify="true"
143-->src\main\AndroidManifest.xml:86:26-51
144                android:label="filter_react_native" >
144-->src\main\AndroidManifest.xml:86:52-87
145                <action android:name="android.intent.action.VIEW" />
145-->src\main\AndroidManifest.xml:87:13-65
145-->src\main\AndroidManifest.xml:87:21-62
146
147                <category android:name="android.intent.category.DEFAULT" />
147-->src\main\AndroidManifest.xml:88:13-72
147-->src\main\AndroidManifest.xml:88:23-69
148                <category android:name="android.intent.category.BROWSABLE" />
148-->src\main\AndroidManifest.xml:89:13-74
148-->src\main\AndroidManifest.xml:89:23-71
149                <!-- <data  android:host="app" android:scheme="demo" /> -->
150
151
152                <!-- <data android:scheme="http" /> -->
153                <data android:scheme="https" />
153-->src\main\AndroidManifest.xml:93:13-44
153-->src\main\AndroidManifest.xml:93:19-41
154                <!-- <data android:host="disciplineguru.co" /> -->
155                <data android:host="fortydayschallenge.page.link" />
155-->src\main\AndroidManifest.xml:93:13-44
156            </intent-filter>
157
158            <!--
159    <intent-filter>
160        <action android:name="android.intent.action.VIEW" />
161        <category android:name="android.intent.category.DEFAULT" />
162        <category android:name="android.intent.category.BROWSABLE" />
163        <data android:scheme="http" />
164        <data android:scheme="https" />
165        <data android:host="www.example.com" />
166        <data android:pathPrefix="/mychatapp" />
167    </intent-filter>
168            -->
169
170        </activity>
171        <activity
171-->src\main\AndroidManifest.xml:111:10-117:52
172            android:name="de.blinkt.openvpn.DisconnectVPNActivity"
172-->src\main\AndroidManifest.xml:112:13-67
173            android:excludeFromRecents="true"
173-->src\main\AndroidManifest.xml:113:13-46
174            android:exported="false"
174-->src\main\AndroidManifest.xml:115:13-37
175            android:noHistory="true"
175-->src\main\AndroidManifest.xml:114:13-37
176            android:taskAffinity=".DisconnectVPN"
176-->src\main\AndroidManifest.xml:116:13-50
177            android:theme="@style/blinkt.dialog" />
177-->src\main\AndroidManifest.xml:117:13-49
178
179        <service
179-->src\main\AndroidManifest.xml:118:9-125:19
180            android:name="de.blinkt.openvpn.core.OpenVPNService"
180-->src\main\AndroidManifest.xml:119:13-65
181            android:exported="true"
181-->src\main\AndroidManifest.xml:120:13-36
182            android:permission="android.permission.BIND_VPN_SERVICE" >
182-->src\main\AndroidManifest.xml:121:13-69
183            <intent-filter>
183-->src\main\AndroidManifest.xml:122:13-124:29
184                <action android:name="android.net.VpnService" />
184-->src\main\AndroidManifest.xml:123:17-65
184-->src\main\AndroidManifest.xml:123:25-62
185            </intent-filter>
186        </service>
187        <service
187-->[:react-native-firebase_messaging] AndroidManifest.xml:14:9-16:40
188            android:name="io.invertase.firebase.messaging.ReactNativeFirebaseMessagingHeadlessService"
188-->[:react-native-firebase_messaging] AndroidManifest.xml:15:13-103
189            android:exported="false" />
189-->[:react-native-firebase_messaging] AndroidManifest.xml:16:13-37
190        <service
190-->[:react-native-firebase_messaging] AndroidManifest.xml:17:9-23:19
191            android:name="io.invertase.firebase.messaging.ReactNativeFirebaseMessagingService"
191-->[:react-native-firebase_messaging] AndroidManifest.xml:18:13-95
192            android:exported="false" >
192-->[:react-native-firebase_messaging] AndroidManifest.xml:19:13-37
193            <intent-filter>
193-->src\main\AndroidManifest.xml:60:13-62:29
194                <action android:name="com.google.firebase.MESSAGING_EVENT" />
194-->src\main\AndroidManifest.xml:61:17-78
194-->src\main\AndroidManifest.xml:61:25-75
195            </intent-filter>
196        </service>
197
198        <receiver
198-->[:react-native-firebase_messaging] AndroidManifest.xml:25:9-32:20
199            android:name="io.invertase.firebase.messaging.ReactNativeFirebaseMessagingReceiver"
199-->[:react-native-firebase_messaging] AndroidManifest.xml:26:13-96
200            android:exported="true"
200-->[:react-native-firebase_messaging] AndroidManifest.xml:27:13-36
201            android:permission="com.google.android.c2dm.permission.SEND" >
201-->[:react-native-firebase_messaging] AndroidManifest.xml:28:13-73
202            <intent-filter>
202-->[:react-native-firebase_messaging] AndroidManifest.xml:29:13-31:29
203                <action android:name="com.google.android.c2dm.intent.RECEIVE" />
203-->[:react-native-firebase_messaging] AndroidManifest.xml:30:17-81
203-->[:react-native-firebase_messaging] AndroidManifest.xml:30:25-78
204            </intent-filter>
205        </receiver>
206
207        <meta-data
207-->[:react-native-firebase_messaging] AndroidManifest.xml:34:9-36:36
208            android:name="firebase_messaging_auto_init_enabled"
208-->[:react-native-firebase_messaging] AndroidManifest.xml:35:13-64
209            android:value="true" />
209-->[:react-native-firebase_messaging] AndroidManifest.xml:36:13-33
210        <meta-data
210-->[:react-native-firebase_messaging] AndroidManifest.xml:37:9-39:32
211            android:name="com.google.firebase.messaging.default_notification_channel_id"
211-->[:react-native-firebase_messaging] AndroidManifest.xml:38:13-89
212            android:value="" />
212-->[:react-native-firebase_messaging] AndroidManifest.xml:39:13-29
213        <meta-data
213-->[:react-native-firebase_messaging] AndroidManifest.xml:40:9-42:47
214            android:name="com.google.firebase.messaging.default_notification_color"
214-->[:react-native-firebase_messaging] AndroidManifest.xml:41:13-84
215            android:resource="@color/white" />
215-->[:react-native-firebase_messaging] AndroidManifest.xml:42:13-44
216        <meta-data
216-->[:react-native-firebase_app] AndroidManifest.xml:11:9-13:36
217            android:name="app_data_collection_default_enabled"
217-->[:react-native-firebase_app] AndroidManifest.xml:12:13-63
218            android:value="true" />
218-->[:react-native-firebase_app] AndroidManifest.xml:13:13-33
219
220        <service
220-->[:react-native-firebase_app] AndroidManifest.xml:15:9-23:19
221            android:name="com.google.firebase.components.ComponentDiscoveryService"
221-->[:react-native-firebase_app] AndroidManifest.xml:16:13-84
222            android:directBootAware="true"
222-->[:react-native-firebase_app] AndroidManifest.xml:17:13-43
223            android:exported="false" >
223-->[:react-native-firebase_app] AndroidManifest.xml:18:13-37
224            <meta-data
224-->[:react-native-firebase_app] AndroidManifest.xml:20:13-22:85
225                android:name="com.google.firebase.components:io.invertase.firebase.app.ReactNativeFirebaseAppRegistrar"
225-->[:react-native-firebase_app] AndroidManifest.xml:21:17-120
226                android:value="com.google.firebase.components.ComponentRegistrar" />
226-->[:react-native-firebase_app] AndroidManifest.xml:22:17-82
227            <meta-data
227-->[com.google.firebase:firebase-auth:21.1.0] AndroidManifest.xml:67:13-69:85
228                android:name="com.google.firebase.components:com.google.firebase.auth.FirebaseAuthRegistrar"
228-->[com.google.firebase:firebase-auth:21.1.0] AndroidManifest.xml:68:17-109
229                android:value="com.google.firebase.components.ComponentRegistrar" />
229-->[com.google.firebase:firebase-auth:21.1.0] AndroidManifest.xml:69:17-82
230            <meta-data
230-->[com.google.firebase:firebase-messaging:23.1.2] AndroidManifest.xml:55:13-57:85
231                android:name="com.google.firebase.components:com.google.firebase.messaging.FirebaseMessagingRegistrar"
231-->[com.google.firebase:firebase-messaging:23.1.2] AndroidManifest.xml:56:17-119
232                android:value="com.google.firebase.components.ComponentRegistrar" />
232-->[com.google.firebase:firebase-messaging:23.1.2] AndroidManifest.xml:57:17-82
233            <meta-data
233-->[com.google.firebase:firebase-firestore:24.4.4] AndroidManifest.xml:19:13-21:85
234                android:name="com.google.firebase.components:com.google.firebase.firestore.FirestoreRegistrar"
234-->[com.google.firebase:firebase-firestore:24.4.4] AndroidManifest.xml:20:17-111
235                android:value="com.google.firebase.components.ComponentRegistrar" />
235-->[com.google.firebase:firebase-firestore:24.4.4] AndroidManifest.xml:21:17-82
236            <meta-data
236-->[com.google.firebase:firebase-dynamic-links:21.1.0] AndroidManifest.xml:26:13-28:85
237                android:name="com.google.firebase.components:com.google.firebase.dynamiclinks.internal.FirebaseDynamicLinkRegistrar"
237-->[com.google.firebase:firebase-dynamic-links:21.1.0] AndroidManifest.xml:27:17-133
238                android:value="com.google.firebase.components.ComponentRegistrar" />
238-->[com.google.firebase:firebase-dynamic-links:21.1.0] AndroidManifest.xml:28:17-82
239            <meta-data
239-->[com.google.firebase:firebase-storage:20.1.0] AndroidManifest.xml:32:13-34:85
240                android:name="com.google.firebase.components:com.google.firebase.storage.StorageRegistrar"
240-->[com.google.firebase:firebase-storage:20.1.0] AndroidManifest.xml:33:17-107
241                android:value="com.google.firebase.components.ComponentRegistrar" />
241-->[com.google.firebase:firebase-storage:20.1.0] AndroidManifest.xml:34:17-82
242            <meta-data
242-->[com.google.firebase:firebase-datatransport:18.1.7] AndroidManifest.xml:27:13-29:85
243                android:name="com.google.firebase.components:com.google.firebase.datatransport.TransportRegistrar"
243-->[com.google.firebase:firebase-datatransport:18.1.7] AndroidManifest.xml:28:17-115
244                android:value="com.google.firebase.components.ComponentRegistrar" />
244-->[com.google.firebase:firebase-datatransport:18.1.7] AndroidManifest.xml:29:17-82
245            <meta-data
245-->[com.google.firebase:firebase-installations:17.1.3] AndroidManifest.xml:17:13-19:85
246                android:name="com.google.firebase.components:com.google.firebase.installations.FirebaseInstallationsRegistrar"
246-->[com.google.firebase:firebase-installations:17.1.3] AndroidManifest.xml:18:17-127
247                android:value="com.google.firebase.components.ComponentRegistrar" />
247-->[com.google.firebase:firebase-installations:17.1.3] AndroidManifest.xml:19:17-82
248        </service>
249
250        <provider
250-->[:react-native-firebase_app] AndroidManifest.xml:25:9-29:38
251            android:name="io.invertase.firebase.app.ReactNativeFirebaseAppInitProvider"
251-->[:react-native-firebase_app] AndroidManifest.xml:26:13-88
252            android:authorities="com.fortydayschallenge1.reactnativefirebaseappinitprovider"
252-->[:react-native-firebase_app] AndroidManifest.xml:27:13-86
253            android:exported="false"
253-->[:react-native-firebase_app] AndroidManifest.xml:28:13-37
254            android:initOrder="99" />
254-->[:react-native-firebase_app] AndroidManifest.xml:29:13-35
255        <provider
255-->[:react-native-blob-util] AndroidManifest.xml:37:9-45:20
256            android:name="com.ReactNativeBlobUtil.Utils.FileProvider"
256-->[:react-native-blob-util] AndroidManifest.xml:38:13-70
257            android:authorities="com.fortydayschallenge1.provider"
257-->[:react-native-blob-util] AndroidManifest.xml:39:13-60
258            android:exported="false"
258-->[:react-native-blob-util] AndroidManifest.xml:40:13-37
259            android:grantUriPermissions="true" >
259-->[:react-native-blob-util] AndroidManifest.xml:41:13-47
260            <meta-data
260-->[:react-native-blob-util] AndroidManifest.xml:42:13-44:58
261                android:name="android.support.FILE_PROVIDER_PATHS"
261-->[:react-native-blob-util] AndroidManifest.xml:43:17-67
262                android:resource="@xml/provider_paths" />
262-->[:react-native-blob-util] AndroidManifest.xml:44:17-55
263        </provider>
264
265        <meta-data
265-->[:react-native-google-mobile-ads] AndroidManifest.xml:14:9-16:70
266            android:name="com.google.android.gms.ads.APPLICATION_ID"
266-->[:react-native-google-mobile-ads] AndroidManifest.xml:15:13-69
267            android:value="ca-app-pub-7704502606452068~1295136618" />
267-->[:react-native-google-mobile-ads] AndroidManifest.xml:16:13-67
268        <meta-data
268-->[:react-native-google-mobile-ads] AndroidManifest.xml:17:9-19:37